C51 COMPILER V9.51   WAVEDAC8_WAVE1_DMA_DMA                                                05/23/2014 15:22:13 PAGE 1   


C51 COMPILER V9.51, COMPILATION OF MODULE WAVEDAC8_WAVE1_DMA_DMA
OBJECT MODULE PLACED IN .\DP8051\DP8051_Keil_951\Debug\WaveDAC8_Wave1_DMA_dma.obj
COMPILER INVOKED BY: C:\Program Files (x86)\Cypress\PSoC Creator\3.0\PSoC Creator\import\keil\pk51\9.51\C51\BIN\c51.exe 
                    -.\Generated_Source\PSoC3\WaveDAC8_Wave1_DMA_dma.c NOIV LARGE MODDP2 OMF2 VB(1) PR(.\DP8051\DP8051_Keil_951\Debug\WaveDAC
                    -8_Wave1_DMA_dma.lst) CD DB NOIP OT(2,SIZE) DF(DEBUG) INCDIR(.,.\Generated_Source\PSoC3) OJ(.\DP8051\DP8051_Keil_951\Debu
                    -g\WaveDAC8_Wave1_DMA_dma.obj)

line level    source

   1          /***************************************************************************
   2          * File Name: WaveDAC8_Wave1_DMA_dma.c  
   3          * Version 1.70
   4          *
   5          *  Description:
   6          *   Provides an API for the DMAC component. The API includes functions
   7          *   for the DMA controller, DMA channels and Transfer Descriptors.
   8          *
   9          *
  10          *   Note:
  11          *     This module requires the developer to finish or fill in the auto
  12          *     generated funcions and setup the dma channel and TD's.
  13          *
  14          ********************************************************************************
  15          * Copyright 2008-2010, Cypress Semiconductor Corporation.  All rights reserved.
  16          * You may use this file only in accordance with the license, terms, conditions, 
  17          * disclaimers, and limitations in the end user license agreement accompanying 
  18          * the software package with which this file was provided.
  19          ********************************************************************************/
  20          #include <CYLIB.H>
  21          #include <CYDMAC.H>
  22          #include <WaveDAC8_Wave1_DMA_dma.H>
  23          
  24          
  25          
  26          /****************************************************************************
  27          * 
  28          * The following defines are available in Cyfitter.h
  29          * 
  30          * 
  31          * 
  32          * WaveDAC8_Wave1_DMA__DRQ_CTL_REG
  33          * 
  34          * 
  35          * WaveDAC8_Wave1_DMA__DRQ_NUMBER
  36          * 
  37          * Number of TD's used by this channel.
  38          * WaveDAC8_Wave1_DMA__NUMBEROF_TDS
  39          * 
  40          * Priority of this channel.
  41          * WaveDAC8_Wave1_DMA__PRIORITY
  42          * 
  43          * True if WaveDAC8_Wave1_DMA_TERMIN_SEL is used.
  44          * WaveDAC8_Wave1_DMA__TERMIN_EN
  45          * 
  46          * TERMIN interrupt line to signal terminate.
  47          * WaveDAC8_Wave1_DMA__TERMIN_SEL
  48          * 
  49          * 
  50          * True if WaveDAC8_Wave1_DMA_TERMOUT0_SEL is used.
  51          * WaveDAC8_Wave1_DMA__TERMOUT0_EN
  52          * 
C51 COMPILER V9.51   WAVEDAC8_WAVE1_DMA_DMA                                                05/23/2014 15:22:13 PAGE 2   

  53          * 
  54          * TERMOUT0 interrupt line to signal completion.
  55          * WaveDAC8_Wave1_DMA__TERMOUT0_SEL
  56          * 
  57          * 
  58          * True if WaveDAC8_Wave1_DMA_TERMOUT1_SEL is used.
  59          * WaveDAC8_Wave1_DMA__TERMOUT1_EN
  60          * 
  61          * 
  62          * TERMOUT1 interrupt line to signal completion.
  63          * WaveDAC8_Wave1_DMA__TERMOUT1_SEL
  64          * 
  65          ****************************************************************************/
  66          
  67          
  68          /* Zero based index of WaveDAC8_Wave1_DMA dma channel */
  69          uint8 WaveDAC8_Wave1_DMA_DmaHandle = DMA_INVALID_CHANNEL;
  70          
  71          /*********************************************************************
  72          * Function Name: uint8 WaveDAC8_Wave1_DMA_DmaInitalize
  73          **********************************************************************
  74          * Summary:
  75          *   Allocates and initialises a channel of the DMAC to be used by the
  76          *   caller.
  77          *
  78          * Parameters:
  79          *   BurstCount.
  80          *       
  81          *       
  82          *   ReqestPerBurst.
  83          *       
  84          *       
  85          *   UpperSrcAddress.
  86          *       
  87          *       
  88          *   UpperDestAddress.
  89          *       
  90          *
  91          * Return:
  92          *   The channel that can be used by the caller for DMA activity.
  93          *   DMA_INVALID_CHANNEL (0xFF) if there are no channels left. 
  94          *
  95          *
  96          *******************************************************************/
  97          uint8 WaveDAC8_Wave1_DMA_DmaInitialize(uint8 BurstCount, uint8 ReqestPerBurst, uint16 UpperSrcAddress, uin
             -t16 UpperDestAddress) 
  98          {
  99   1      
 100   1          /* Allocate a DMA channel. */
 101   1          WaveDAC8_Wave1_DMA_DmaHandle = (uint8)WaveDAC8_Wave1_DMA__DRQ_NUMBER;
 102   1      
 103   1          /* Configure the channel. */
 104   1          (void)CyDmaChSetConfiguration(WaveDAC8_Wave1_DMA_DmaHandle,
 105   1                                        BurstCount,
 106   1                                        ReqestPerBurst,
 107   1                                        (uint8)WaveDAC8_Wave1_DMA__TERMOUT0_SEL,
 108   1                                        (uint8)WaveDAC8_Wave1_DMA__TERMOUT1_SEL,
 109   1                                        (uint8)WaveDAC8_Wave1_DMA__TERMIN_SEL);
 110   1      
 111   1          /* Set the extended address for the transfers */
 112   1          (void)CyDmaChSetExtendedAddress(WaveDAC8_Wave1_DMA_DmaHandle, UpperSrcAddress, UpperDestAddress);
 113   1      
C51 COMPILER V9.51   WAVEDAC8_WAVE1_DMA_DMA                                                05/23/2014 15:22:13 PAGE 3   

 114   1          /* Set the priority for this channel */
 115   1          (void)CyDmaChPriority(WaveDAC8_Wave1_DMA_DmaHandle, (uint8)WaveDAC8_Wave1_DMA__PRIORITY);
 116   1          
 117   1          return WaveDAC8_Wave1_DMA_DmaHandle;
 118   1      }
 119          
 120          /*********************************************************************
 121          * Function Name: void WaveDAC8_Wave1_DMA_DmaRelease
 122          **********************************************************************
 123          * Summary:
 124          *   Frees the channel associated with WaveDAC8_Wave1_DMA.
 125          *
 126          *
 127          * Parameters:
 128          *   void.
 129          *
 130          *
 131          *
 132          * Return:
 133          *   void.
 134          *
 135          *******************************************************************/
 136          void WaveDAC8_Wave1_DMA_DmaRelease(void) 
 137          {
 138   1          /* Disable the channel */
 139   1          (void)CyDmaChDisable(WaveDAC8_Wave1_DMA_DmaHandle);
 140   1      }
 141          
C51 COMPILER V9.51   WAVEDAC8_WAVE1_DMA_DMA                                                05/23/2014 15:22:13 PAGE 4   

ASSEMBLY LISTING OF GENERATED OBJECT CODE


             ; FUNCTION _WaveDAC8_Wave1_DMA_DmaInitialize (BEGIN)
                                           ; SOURCE LINE # 97
0000 900000      R     MOV     DPTR,#BurstCount
0003 EF                MOV     A,R7
0004 F0                MOVX    @DPTR,A
0005 900000      R     MOV     DPTR,#ReqestPerBurst
0008 ED                MOV     A,R5
0009 F0                MOVX    @DPTR,A
000A 900000      R     MOV     DPTR,#UpperSrcAddress
000D EA                MOV     A,R2
000E F0                MOVX    @DPTR,A
000F A3                INC     DPTR
0010 EB                MOV     A,R3
0011 F0                MOVX    @DPTR,A
                                           ; SOURCE LINE # 98
                                           ; SOURCE LINE # 101
0012 900000      R     MOV     DPTR,#WaveDAC8_Wave1_DMA_DmaHandle
0015 E4                CLR     A
0016 F0                MOVX    @DPTR,A
                                           ; SOURCE LINE # 109
0017 900000      R     MOV     DPTR,#WaveDAC8_Wave1_DMA_DmaHandle
001A E0                MOVX    A,@DPTR
001B FF                MOV     R7,A
001C 900000      R     MOV     DPTR,#BurstCount
001F E0                MOVX    A,@DPTR
0020 FD                MOV     R5,A
0021 900000      R     MOV     DPTR,#ReqestPerBurst
0024 E0                MOVX    A,@DPTR
0025 FB                MOV     R3,A
0026 900000      E     MOV     DPTR,#?_CyDmaChSetConfiguration?BYTE+03H
0029 E4                CLR     A
002A F0                MOVX    @DPTR,A
002B 900000      E     MOV     DPTR,#?_CyDmaChSetConfiguration?BYTE+04H
002E E4                CLR     A
002F F0                MOVX    @DPTR,A
0030 900000      E     MOV     DPTR,#?_CyDmaChSetConfiguration?BYTE+05H
0033 E4                CLR     A
0034 F0                MOVX    @DPTR,A
0035 120000      E     LCALL   _CyDmaChSetConfiguration
                                           ; SOURCE LINE # 112
0038 900000      R     MOV     DPTR,#WaveDAC8_Wave1_DMA_DmaHandle
003B E0                MOVX    A,@DPTR
003C FF                MOV     R7,A
003D 900000      R     MOV     DPTR,#UpperSrcAddress
0040 E0                MOVX    A,@DPTR
0041 FC                MOV     R4,A
0042 A3                INC     DPTR
0043 E0                MOVX    A,@DPTR
0044 FD                MOV     R5,A
0045 900000      R     MOV     DPTR,#UpperDestAddress
0048 E0                MOVX    A,@DPTR
0049 FA                MOV     R2,A
004A A3                INC     DPTR
004B E0                MOVX    A,@DPTR
004C FB                MOV     R3,A
004D 120000      E     LCALL   _CyDmaChSetExtendedAddress
                                           ; SOURCE LINE # 115
0050 900000      R     MOV     DPTR,#WaveDAC8_Wave1_DMA_DmaHandle
0053 E0                MOVX    A,@DPTR
C51 COMPILER V9.51   WAVEDAC8_WAVE1_DMA_DMA                                                05/23/2014 15:22:13 PAGE 5   

0054 FF                MOV     R7,A
0055 7D02              MOV     R5,#02H
0057 120000      E     LCALL   _CyDmaChPriority
                                           ; SOURCE LINE # 117
005A 900000      R     MOV     DPTR,#WaveDAC8_Wave1_DMA_DmaHandle
005D E0                MOVX    A,@DPTR
005E FF                MOV     R7,A
                                           ; SOURCE LINE # 118
005F         ?C0001:
005F 22                RET     
             ; FUNCTION _WaveDAC8_Wave1_DMA_DmaInitialize (END)

             ; FUNCTION WaveDAC8_Wave1_DMA_DmaRelease (BEGIN)
                                           ; SOURCE LINE # 136
                                           ; SOURCE LINE # 137
                                           ; SOURCE LINE # 139
0000 900000      R     MOV     DPTR,#WaveDAC8_Wave1_DMA_DmaHandle
0003 E0                MOVX    A,@DPTR
0004 FF                MOV     R7,A
0005 120000      E     LCALL   _CyDmaChDisable
                                           ; SOURCE LINE # 140
0008 22                RET     
             ; FUNCTION WaveDAC8_Wave1_DMA_DmaRelease (END)



MODULE INFORMATION:   STATIC OVERLAYABLE
   CODE SIZE        =    105    ----
   CONSTANT SIZE    =   ----    ----
   XDATA SIZE       =      1       6
   PDATA SIZE       =   ----    ----
   DATA SIZE        =   ----    ----
   IDATA SIZE       =   ----    ----
   BIT SIZE         =   ----    ----
   EDATA SIZE       =   ----    ----
   HDATA SIZE       =   ----    ----
   XDATA CONST SIZE =   ----    ----
   FAR CONST SIZE   =   ----    ----
END OF MODULE INFORMATION.


C51 COMPILATION COMPLETE.  0 WARNING(S),  0 ERROR(S)
