ARM GAS  C:\Users\Torres\AppData\Local\Temp\ccj4CWP4.s 			page 1


   1              		.syntax unified
   2              		.cpu cortex-m3
   3              		.fpu softvfp
   4              		.eabi_attribute 20, 1
   5              		.eabi_attribute 21, 1
   6              		.eabi_attribute 23, 3
   7              		.eabi_attribute 24, 1
   8              		.eabi_attribute 25, 1
   9              		.eabi_attribute 26, 1
  10              		.eabi_attribute 30, 6
  11              		.eabi_attribute 34, 1
  12              		.eabi_attribute 18, 4
  13              		.thumb
  14              		.file	"cymetadata.c"
  15              		.text
  16              	.Ltext0:
  17              		.cfi_sections	.debug_frame
  18              		.global	cy_meta_configecc
  19              		.section	.cyconfigecc,"a",%progbits
  20              		.align	2
  21              		.type	cy_meta_configecc, %object
  22              		.size	cy_meta_configecc, 76
  23              	cy_meta_configecc:
  24 0000 01       		.byte	1
  25 0001 52       		.byte	82
  26 0002 00       		.byte	0
  27 0003 40       		.byte	64
  28 0004 02       		.byte	2
  29 0005 40       		.byte	64
  30 0006 01       		.byte	1
  31 0007 40       		.byte	64
  32 0008 01       		.byte	1
  33 0009 41       		.byte	65
  34 000a 01       		.byte	1
  35 000b 40       		.byte	64
  36 000c 01       		.byte	1
  37 000d 42       		.byte	66
  38 000e 01       		.byte	1
  39 000f 40       		.byte	64
  40 0010 01       		.byte	1
  41 0011 43       		.byte	67
  42 0012 01       		.byte	1
  43 0013 40       		.byte	64
  44 0014 03       		.byte	3
  45 0015 48       		.byte	72
  46 0016 01       		.byte	1
  47 0017 40       		.byte	64
  48 0018 01       		.byte	1
  49 0019 51       		.byte	81
  50 001a 01       		.byte	1
  51 001b 40       		.byte	64
  52 001c 0C       		.byte	12
  53 001d 40       		.byte	64
  54 001e 32       		.byte	50
  55 001f 80       		.byte	-128
  56 0020 CC       		.byte	-52
  57 0021 10       		.byte	16
ARM GAS  C:\Users\Torres\AppData\Local\Temp\ccj4CWP4.s 			page 2


  58 0022 A6       		.byte	-90
  59 0023 80       		.byte	-128
  60 0024 A6       		.byte	-90
  61 0025 80       		.byte	-128
  62 0026 A6       		.byte	-90
  63 0027 80       		.byte	-128
  64 0028 26       		.byte	38
  65 0029 80       		.byte	-128
  66 002a A6       		.byte	-90
  67 002b 80       		.byte	-128
  68 002c C8       		.byte	-56
  69 002d 20       		.byte	32
  70 002e 00       		.byte	0
  71 002f 03       		.byte	3
  72 0030 00       		.byte	0
  73 0031 00       		.byte	0
  74 0032 00       		.byte	0
  75 0033 00       		.byte	0
  76 0034 00       		.byte	0
  77 0035 00       		.byte	0
  78 0036 80       		.byte	-128
  79 0037 00       		.byte	0
  80 0038 40       		.byte	64
  81 0039 00       		.byte	0
  82 003a 00       		.byte	0
  83 003b 40       		.byte	64
  84 003c 00       		.byte	0
  85 003d 00       		.byte	0
  86 003e 00       		.byte	0
  87 003f 00       		.byte	0
  88 0040 00       		.byte	0
  89 0041 00       		.byte	0
  90 0042 00       		.byte	0
  91 0043 00       		.byte	0
  92 0044 00       		.byte	0
  93 0045 7F       		.byte	127
  94 0046 7F       		.byte	127
  95 0047 00       		.byte	0
  96 0048 00       		.byte	0
  97 0049 00       		.byte	0
  98 004a 00       		.byte	0
  99 004b 00       		.byte	0
 100              		.global	cy_meta_custnvl
 101              		.section	.cycustnvl,"a",%progbits
 102              		.align	2
 103              		.type	cy_meta_custnvl, %object
 104              		.size	cy_meta_custnvl, 4
 105              	cy_meta_custnvl:
 106 0000 00       		.byte	0
 107 0001 00       		.byte	0
 108 0002 40       		.byte	64
 109 0003 05       		.byte	5
 110              		.global	cy_meta_wonvl
 111              		.section	.cywolatch,"a",%progbits
 112              		.align	2
 113              		.type	cy_meta_wonvl, %object
 114              		.size	cy_meta_wonvl, 4
ARM GAS  C:\Users\Torres\AppData\Local\Temp\ccj4CWP4.s 			page 3


 115              	cy_meta_wonvl:
 116 0000 BC       		.byte	-68
 117 0001 90       		.byte	-112
 118 0002 AC       		.byte	-84
 119 0003 AF       		.byte	-81
 120              		.global	cy_meta_flashprotect
 121              		.section	.cyflashprotect,"a",%progbits
 122              		.align	2
 123              		.type	cy_meta_flashprotect, %object
 124              		.size	cy_meta_flashprotect, 256
 125              	cy_meta_flashprotect:
 126 0000 00000000 		.space	256
 126      00000000 
 126      00000000 
 126      00000000 
 126      00000000 
 127              		.global	cy_metadata
 128              		.section	.cymeta,"a",%progbits
 129              		.align	2
 130              		.type	cy_metadata, %object
 131              		.size	cy_metadata, 12
 132              	cy_metadata:
 133 0000 00       		.byte	0
 134 0001 01       		.byte	1
 135 0002 2E       		.byte	46
 136 0003 12       		.byte	18
 137 0004 30       		.byte	48
 138 0005 69       		.byte	105
 139 0006 00       		.byte	0
 140 0007 01       		.byte	1
 141 0008 00       		.byte	0
 142 0009 00       		.byte	0
 143 000a 00       		.byte	0
 144 000b 00       		.byte	0
 145              		.text
 146              	.Letext0:
 147              		.file 1 ".\\Generated_Source\\PSoC5\\cymetadata.c"
 148              		.file 2 ".\\Generated_Source\\PSoC5\\cytypes.h"
 149              		.section	.debug_info,"",%progbits
 150              	.Ldebug_info0:
 151 0000 3A010000 		.4byte	0x13a
 152 0004 0200     		.2byte	0x2
 153 0006 00000000 		.4byte	.Ldebug_abbrev0
 154 000a 04       		.byte	0x4
 155 000b 01       		.uleb128 0x1
 156 000c 4C010000 		.4byte	.LASF18
 157 0010 01       		.byte	0x1
 158 0011 00000000 		.4byte	.LASF19
 159 0015 6B000000 		.4byte	.LASF20
 160 0019 00000000 		.4byte	.Ldebug_line0
 161 001d 02       		.uleb128 0x2
 162 001e 01       		.byte	0x1
 163 001f 06       		.byte	0x6
 164 0020 9E010000 		.4byte	.LASF0
 165 0024 02       		.uleb128 0x2
 166 0025 01       		.byte	0x1
 167 0026 08       		.byte	0x8
ARM GAS  C:\Users\Torres\AppData\Local\Temp\ccj4CWP4.s 			page 4


 168 0027 38000000 		.4byte	.LASF1
 169 002b 02       		.uleb128 0x2
 170 002c 02       		.byte	0x2
 171 002d 05       		.byte	0x5
 172 002e 3C010000 		.4byte	.LASF2
 173 0032 02       		.uleb128 0x2
 174 0033 02       		.byte	0x2
 175 0034 07       		.byte	0x7
 176 0035 58000000 		.4byte	.LASF3
 177 0039 02       		.uleb128 0x2
 178 003a 04       		.byte	0x4
 179 003b 05       		.byte	0x5
 180 003c 95010000 		.4byte	.LASF4
 181 0040 02       		.uleb128 0x2
 182 0041 04       		.byte	0x4
 183 0042 07       		.byte	0x7
 184 0043 46000000 		.4byte	.LASF5
 185 0047 02       		.uleb128 0x2
 186 0048 08       		.byte	0x8
 187 0049 05       		.byte	0x5
 188 004a 29010000 		.4byte	.LASF6
 189 004e 02       		.uleb128 0x2
 190 004f 08       		.byte	0x8
 191 0050 07       		.byte	0x7
 192 0051 E6000000 		.4byte	.LASF7
 193 0055 03       		.uleb128 0x3
 194 0056 04       		.byte	0x4
 195 0057 05       		.byte	0x5
 196 0058 696E7400 		.ascii	"int\000"
 197 005c 02       		.uleb128 0x2
 198 005d 04       		.byte	0x4
 199 005e 07       		.byte	0x7
 200 005f D9000000 		.4byte	.LASF8
 201 0063 04       		.uleb128 0x4
 202 0064 46010000 		.4byte	.LASF21
 203 0068 02       		.byte	0x2
 204 0069 5B       		.byte	0x5b
 205 006a 24000000 		.4byte	0x24
 206 006e 02       		.uleb128 0x2
 207 006f 04       		.byte	0x4
 208 0070 04       		.byte	0x4
 209 0071 32000000 		.4byte	.LASF9
 210 0075 02       		.uleb128 0x2
 211 0076 08       		.byte	0x8
 212 0077 04       		.byte	0x4
 213 0078 B0000000 		.4byte	.LASF10
 214 007c 02       		.uleb128 0x2
 215 007d 01       		.byte	0x1
 216 007e 08       		.byte	0x8
 217 007f 37010000 		.4byte	.LASF11
 218 0083 05       		.uleb128 0x5
 219 0084 63000000 		.4byte	0x63
 220 0088 93000000 		.4byte	0x93
 221 008c 06       		.uleb128 0x6
 222 008d 93000000 		.4byte	0x93
 223 0091 4B       		.byte	0x4b
 224 0092 00       		.byte	0
ARM GAS  C:\Users\Torres\AppData\Local\Temp\ccj4CWP4.s 			page 5


 225 0093 02       		.uleb128 0x2
 226 0094 04       		.byte	0x4
 227 0095 07       		.byte	0x7
 228 0096 20010000 		.4byte	.LASF12
 229 009a 07       		.uleb128 0x7
 230 009b C7000000 		.4byte	.LASF13
 231 009f 01       		.byte	0x1
 232 00a0 1C       		.byte	0x1c
 233 00a1 AC000000 		.4byte	0xac
 234 00a5 01       		.byte	0x1
 235 00a6 05       		.byte	0x5
 236 00a7 03       		.byte	0x3
 237 00a8 00000000 		.4byte	cy_meta_configecc
 238 00ac 08       		.uleb128 0x8
 239 00ad 83000000 		.4byte	0x83
 240 00b1 05       		.uleb128 0x5
 241 00b2 63000000 		.4byte	0x63
 242 00b6 C1000000 		.4byte	0xc1
 243 00ba 06       		.uleb128 0x6
 244 00bb 93000000 		.4byte	0x93
 245 00bf 03       		.byte	0x3
 246 00c0 00       		.byte	0
 247 00c1 07       		.uleb128 0x7
 248 00c2 B7000000 		.4byte	.LASF14
 249 00c6 01       		.byte	0x1
 250 00c7 30       		.byte	0x30
 251 00c8 D3000000 		.4byte	0xd3
 252 00cc 01       		.byte	0x1
 253 00cd 05       		.byte	0x5
 254 00ce 03       		.byte	0x3
 255 00cf 00000000 		.4byte	cy_meta_custnvl
 256 00d3 08       		.uleb128 0x8
 257 00d4 B1000000 		.4byte	0xb1
 258 00d8 07       		.uleb128 0x7
 259 00d9 12010000 		.4byte	.LASF15
 260 00dd 01       		.byte	0x1
 261 00de 3B       		.byte	0x3b
 262 00df EA000000 		.4byte	0xea
 263 00e3 01       		.byte	0x1
 264 00e4 05       		.byte	0x5
 265 00e5 03       		.byte	0x3
 266 00e6 00000000 		.4byte	cy_meta_wonvl
 267 00ea 08       		.uleb128 0x8
 268 00eb B1000000 		.4byte	0xb1
 269 00ef 05       		.uleb128 0x5
 270 00f0 63000000 		.4byte	0x63
 271 00f4 FF000000 		.4byte	0xff
 272 00f8 06       		.uleb128 0x6
 273 00f9 93000000 		.4byte	0x93
 274 00fd FF       		.byte	0xff
 275 00fe 00       		.byte	0
 276 00ff 07       		.uleb128 0x7
 277 0100 FD000000 		.4byte	.LASF16
 278 0104 01       		.byte	0x1
 279 0105 46       		.byte	0x46
 280 0106 11010000 		.4byte	0x111
 281 010a 01       		.byte	0x1
ARM GAS  C:\Users\Torres\AppData\Local\Temp\ccj4CWP4.s 			page 6


 282 010b 05       		.byte	0x5
 283 010c 03       		.byte	0x3
 284 010d 00000000 		.4byte	cy_meta_flashprotect
 285 0111 08       		.uleb128 0x8
 286 0112 EF000000 		.4byte	0xef
 287 0116 05       		.uleb128 0x5
 288 0117 63000000 		.4byte	0x63
 289 011b 26010000 		.4byte	0x126
 290 011f 06       		.uleb128 0x6
 291 0120 93000000 		.4byte	0x93
 292 0124 0B       		.byte	0xb
 293 0125 00       		.byte	0
 294 0126 07       		.uleb128 0x7
 295 0127 26000000 		.4byte	.LASF17
 296 012b 01       		.byte	0x1
 297 012c 70       		.byte	0x70
 298 012d 38010000 		.4byte	0x138
 299 0131 01       		.byte	0x1
 300 0132 05       		.byte	0x5
 301 0133 03       		.byte	0x3
 302 0134 00000000 		.4byte	cy_metadata
 303 0138 08       		.uleb128 0x8
 304 0139 16010000 		.4byte	0x116
 305 013d 00       		.byte	0
 306              		.section	.debug_abbrev,"",%progbits
 307              	.Ldebug_abbrev0:
 308 0000 01       		.uleb128 0x1
 309 0001 11       		.uleb128 0x11
 310 0002 01       		.byte	0x1
 311 0003 25       		.uleb128 0x25
 312 0004 0E       		.uleb128 0xe
 313 0005 13       		.uleb128 0x13
 314 0006 0B       		.uleb128 0xb
 315 0007 03       		.uleb128 0x3
 316 0008 0E       		.uleb128 0xe
 317 0009 1B       		.uleb128 0x1b
 318 000a 0E       		.uleb128 0xe
 319 000b 10       		.uleb128 0x10
 320 000c 06       		.uleb128 0x6
 321 000d 00       		.byte	0
 322 000e 00       		.byte	0
 323 000f 02       		.uleb128 0x2
 324 0010 24       		.uleb128 0x24
 325 0011 00       		.byte	0
 326 0012 0B       		.uleb128 0xb
 327 0013 0B       		.uleb128 0xb
 328 0014 3E       		.uleb128 0x3e
 329 0015 0B       		.uleb128 0xb
 330 0016 03       		.uleb128 0x3
 331 0017 0E       		.uleb128 0xe
 332 0018 00       		.byte	0
 333 0019 00       		.byte	0
 334 001a 03       		.uleb128 0x3
 335 001b 24       		.uleb128 0x24
 336 001c 00       		.byte	0
 337 001d 0B       		.uleb128 0xb
 338 001e 0B       		.uleb128 0xb
ARM GAS  C:\Users\Torres\AppData\Local\Temp\ccj4CWP4.s 			page 7


 339 001f 3E       		.uleb128 0x3e
 340 0020 0B       		.uleb128 0xb
 341 0021 03       		.uleb128 0x3
 342 0022 08       		.uleb128 0x8
 343 0023 00       		.byte	0
 344 0024 00       		.byte	0
 345 0025 04       		.uleb128 0x4
 346 0026 16       		.uleb128 0x16
 347 0027 00       		.byte	0
 348 0028 03       		.uleb128 0x3
 349 0029 0E       		.uleb128 0xe
 350 002a 3A       		.uleb128 0x3a
 351 002b 0B       		.uleb128 0xb
 352 002c 3B       		.uleb128 0x3b
 353 002d 0B       		.uleb128 0xb
 354 002e 49       		.uleb128 0x49
 355 002f 13       		.uleb128 0x13
 356 0030 00       		.byte	0
 357 0031 00       		.byte	0
 358 0032 05       		.uleb128 0x5
 359 0033 01       		.uleb128 0x1
 360 0034 01       		.byte	0x1
 361 0035 49       		.uleb128 0x49
 362 0036 13       		.uleb128 0x13
 363 0037 01       		.uleb128 0x1
 364 0038 13       		.uleb128 0x13
 365 0039 00       		.byte	0
 366 003a 00       		.byte	0
 367 003b 06       		.uleb128 0x6
 368 003c 21       		.uleb128 0x21
 369 003d 00       		.byte	0
 370 003e 49       		.uleb128 0x49
 371 003f 13       		.uleb128 0x13
 372 0040 2F       		.uleb128 0x2f
 373 0041 0B       		.uleb128 0xb
 374 0042 00       		.byte	0
 375 0043 00       		.byte	0
 376 0044 07       		.uleb128 0x7
 377 0045 34       		.uleb128 0x34
 378 0046 00       		.byte	0
 379 0047 03       		.uleb128 0x3
 380 0048 0E       		.uleb128 0xe
 381 0049 3A       		.uleb128 0x3a
 382 004a 0B       		.uleb128 0xb
 383 004b 3B       		.uleb128 0x3b
 384 004c 0B       		.uleb128 0xb
 385 004d 49       		.uleb128 0x49
 386 004e 13       		.uleb128 0x13
 387 004f 3F       		.uleb128 0x3f
 388 0050 0C       		.uleb128 0xc
 389 0051 02       		.uleb128 0x2
 390 0052 0A       		.uleb128 0xa
 391 0053 00       		.byte	0
 392 0054 00       		.byte	0
 393 0055 08       		.uleb128 0x8
 394 0056 26       		.uleb128 0x26
 395 0057 00       		.byte	0
ARM GAS  C:\Users\Torres\AppData\Local\Temp\ccj4CWP4.s 			page 8


 396 0058 49       		.uleb128 0x49
 397 0059 13       		.uleb128 0x13
 398 005a 00       		.byte	0
 399 005b 00       		.byte	0
 400 005c 00       		.byte	0
 401              		.section	.debug_aranges,"",%progbits
 402 0000 14000000 		.4byte	0x14
 403 0004 0200     		.2byte	0x2
 404 0006 00000000 		.4byte	.Ldebug_info0
 405 000a 04       		.byte	0x4
 406 000b 00       		.byte	0
 407 000c 0000     		.2byte	0
 408 000e 0000     		.2byte	0
 409 0010 00000000 		.4byte	0
 410 0014 00000000 		.4byte	0
 411              		.section	.debug_line,"",%progbits
 412              	.Ldebug_line0:
 413 0000 4F000000 		.section	.debug_str,"MS",%progbits,1
 413      02004900 
 413      00000201 
 413      FB0E0D00 
 413      01010101 
 414              	.LASF19:
 415 0000 2E5C4765 		.ascii	".\\Generated_Source\\PSoC5\\cymetadata.c\000"
 415      6E657261 
 415      7465645F 
 415      536F7572 
 415      63655C50 
 416              	.LASF17:
 417 0026 63795F6D 		.ascii	"cy_metadata\000"
 417      65746164 
 417      61746100 
 418              	.LASF9:
 419 0032 666C6F61 		.ascii	"float\000"
 419      7400
 420              	.LASF1:
 421 0038 756E7369 		.ascii	"unsigned char\000"
 421      676E6564 
 421      20636861 
 421      7200
 422              	.LASF5:
 423 0046 6C6F6E67 		.ascii	"long unsigned int\000"
 423      20756E73 
 423      69676E65 
 423      6420696E 
 423      7400
 424              	.LASF3:
 425 0058 73686F72 		.ascii	"short unsigned int\000"
 425      7420756E 
 425      7369676E 
 425      65642069 
 425      6E7400
 426              	.LASF20:
 427 006b 433A5C55 		.ascii	"C:\\Users\\Torres\\Trabajos\\DSE\\PracticaFinal\\PF"
 427      73657273 
 427      5C546F72 
 427      7265735C 
ARM GAS  C:\Users\Torres\AppData\Local\Temp\ccj4CWP4.s 			page 9


 427      54726162 
 428 0098 696E616C 		.ascii	"inalWav\\PFinalWav.cydsn\000"
 428      5761765C 
 428      5046696E 
 428      616C5761 
 428      762E6379 
 429              	.LASF10:
 430 00b0 646F7562 		.ascii	"double\000"
 430      6C6500
 431              	.LASF14:
 432 00b7 63795F6D 		.ascii	"cy_meta_custnvl\000"
 432      6574615F 
 432      63757374 
 432      6E766C00 
 433              	.LASF13:
 434 00c7 63795F6D 		.ascii	"cy_meta_configecc\000"
 434      6574615F 
 434      636F6E66 
 434      69676563 
 434      6300
 435              	.LASF8:
 436 00d9 756E7369 		.ascii	"unsigned int\000"
 436      676E6564 
 436      20696E74 
 436      00
 437              	.LASF7:
 438 00e6 6C6F6E67 		.ascii	"long long unsigned int\000"
 438      206C6F6E 
 438      6720756E 
 438      7369676E 
 438      65642069 
 439              	.LASF16:
 440 00fd 63795F6D 		.ascii	"cy_meta_flashprotect\000"
 440      6574615F 
 440      666C6173 
 440      6870726F 
 440      74656374 
 441              	.LASF15:
 442 0112 63795F6D 		.ascii	"cy_meta_wonvl\000"
 442      6574615F 
 442      776F6E76 
 442      6C00
 443              	.LASF12:
 444 0120 73697A65 		.ascii	"sizetype\000"
 444      74797065 
 444      00
 445              	.LASF6:
 446 0129 6C6F6E67 		.ascii	"long long int\000"
 446      206C6F6E 
 446      6720696E 
 446      7400
 447              	.LASF11:
 448 0137 63686172 		.ascii	"char\000"
 448      00
 449              	.LASF2:
 450 013c 73686F72 		.ascii	"short int\000"
 450      7420696E 
ARM GAS  C:\Users\Torres\AppData\Local\Temp\ccj4CWP4.s 			page 10


 450      7400
 451              	.LASF21:
 452 0146 75696E74 		.ascii	"uint8\000"
 452      3800
 453              	.LASF18:
 454 014c 474E5520 		.ascii	"GNU C 4.7.3 20130312 (release) [ARM/embedded-4_7-br"
 454      4320342E 
 454      372E3320 
 454      32303133 
 454      30333132 
 455 017f 616E6368 		.ascii	"anch revision 196615]\000"
 455      20726576 
 455      6973696F 
 455      6E203139 
 455      36363135 
 456              	.LASF4:
 457 0195 6C6F6E67 		.ascii	"long int\000"
 457      20696E74 
 457      00
 458              	.LASF0:
 459 019e 7369676E 		.ascii	"signed char\000"
 459      65642063 
 459      68617200 
 460              		.ident	"GCC: (GNU Tools for ARM Embedded Processors) 4.7.3 20130312 (release) [ARM/embedded-4_7-br
